<?xml version="1.0" encoding="UTF-8"?>
<testng-results skipped="0" failed="0" ignored="0" total="12" passed="12">
  <reporter-output>
  </reporter-output>
  <suite name="Default suite" duration-ms="68952" started-at="2018-09-10T11:25:22Z" finished-at="2018-09-10T11:26:31Z">
    <groups>
    </groups>
    <test name="Default test" duration-ms="68952" started-at="2018-09-10T11:25:22Z" finished-at="2018-09-10T11:26:31Z">
      <class name="myAutomation.QaitAutomation">
        <test-method status="PASS" signature="beforeClass()[pri:0, instance:myAutomation.QaitAutomation@91161c7]" name="beforeClass" is-config="true" duration-ms="4429" started-at="2018-09-10T11:25:22Z" finished-at="2018-09-10T11:25:26Z">
          <reporter-output>
          </reporter-output>
        </test-method> <!-- beforeClass -->
        <test-method status="PASS" signature="QALink()[pri:1, instance:myAutomation.QaitAutomation@91161c7]" name="QALink" duration-ms="9127" started-at="2018-09-10T11:25:26Z" finished-at="2018-09-10T11:25:36Z">
          <reporter-output>
          </reporter-output>
        </test-method> <!-- QALink -->
        <test-method status="PASS" signature="about()[pri:2, instance:myAutomation.QaitAutomation@91161c7]" name="about" duration-ms="161" started-at="2018-09-10T11:25:36Z" finished-at="2018-09-10T11:25:36Z">
          <reporter-output>
          </reporter-output>
        </test-method> <!-- about -->
        <test-method status="PASS" signature="services()[pri:3, instance:myAutomation.QaitAutomation@91161c7]" name="services" duration-ms="3158" started-at="2018-09-10T11:25:36Z" finished-at="2018-09-10T11:25:39Z">
          <reporter-output>
          </reporter-output>
        </test-method> <!-- services -->
        <test-method status="PASS" signature="verticals()[pri:4, instance:myAutomation.QaitAutomation@91161c7]" name="verticals" duration-ms="3140" started-at="2018-09-10T11:25:39Z" finished-at="2018-09-10T11:25:42Z">
          <reporter-output>
          </reporter-output>
        </test-method> <!-- verticals -->
        <test-method status="PASS" signature="knowledgeCenter()[pri:5, instance:myAutomation.QaitAutomation@91161c7]" name="knowledgeCenter" duration-ms="3212" started-at="2018-09-10T11:25:42Z" finished-at="2018-09-10T11:25:45Z">
          <reporter-output>
          </reporter-output>
        </test-method> <!-- knowledgeCenter -->
        <test-method status="PASS" signature="team()[pri:6, instance:myAutomation.QaitAutomation@91161c7]" name="team" duration-ms="3138" started-at="2018-09-10T11:25:45Z" finished-at="2018-09-10T11:25:48Z">
          <reporter-output>
          </reporter-output>
        </test-method> <!-- team -->
        <test-method status="PASS" signature="news()[pri:7, instance:myAutomation.QaitAutomation@91161c7]" name="news" duration-ms="3146" started-at="2018-09-10T11:25:48Z" finished-at="2018-09-10T11:25:51Z">
          <reporter-output>
          </reporter-output>
        </test-method> <!-- news -->
        <test-method status="PASS" signature="contact()[pri:8, instance:myAutomation.QaitAutomation@91161c7]" name="contact" duration-ms="3136" started-at="2018-09-10T11:25:51Z" finished-at="2018-09-10T11:25:55Z">
          <reporter-output>
          </reporter-output>
        </test-method> <!-- contact -->
        <test-method status="PASS" signature="careers()[pri:9, instance:myAutomation.QaitAutomation@91161c7]" name="careers" duration-ms="10531" started-at="2018-09-10T11:25:55Z" finished-at="2018-09-10T11:26:05Z">
          <reporter-output>
          </reporter-output>
        </test-method> <!-- careers -->
        <test-method status="PASS" signature="jobOpportunities()[pri:10, instance:myAutomation.QaitAutomation@91161c7]" name="jobOpportunities" duration-ms="6213" started-at="2018-09-10T11:26:05Z" finished-at="2018-09-10T11:26:11Z">
          <reporter-output>
          </reporter-output>
        </test-method> <!-- jobOpportunities -->
        <test-method status="PASS" signature="QATV()[pri:11, instance:myAutomation.QaitAutomation@91161c7]" name="QATV" duration-ms="12431" started-at="2018-09-10T11:26:11Z" finished-at="2018-09-10T11:26:24Z">
          <reporter-output>
          </reporter-output>
        </test-method> <!-- QATV -->
        <test-method status="PASS" signature="employeeSpeak()[pri:12, instance:myAutomation.QaitAutomation@91161c7]" name="employeeSpeak" duration-ms="7089" started-at="2018-09-10T11:26:24Z" finished-at="2018-09-10T11:26:31Z">
          <reporter-output>
          </reporter-output>
        </test-method> <!-- employeeSpeak -->
      </class> <!-- myAutomation.QaitAutomation -->
    </test> <!-- Default test -->
  </suite> <!-- Default suite -->
</testng-results>
